#
# There is insufficient memory for the Java Runtime Environment to continue.
# Native memory allocation (malloc) failed to allocate 32744 bytes for Chunk::new
# Possible reasons:
#   The system is out of physical RAM or swap space
#   The process is running with CompressedOops enabled, and the Java Heap may be blocking the growth of the native heap
# Possible solutions:
#   Reduce memory load on the system
#   Increase physical memory or swap space
#   Check if swap backing store is full
#   Decrease Java heap size (-Xmx/-Xms)
#   Decrease number of Java threads
#   Decrease Java thread stack sizes (-Xss)
#   Set larger code cache with -XX:ReservedCodeCacheSize=
#   JVM is running with Zero Based Compressed Oops mode in which the Java heap is
#     placed in the first 32GB address space. The Java Heap base address is the
#     maximum limit for the native heap growth. Please use -XX:HeapBaseMinAddress
#     to set the Java Heap base and to place the Java Heap above 32GB virtual address.
# This output file may be truncated or incomplete.
#
#  Out of Memory Error (arena.cpp:184), pid=28184, tid=37340
#
# JRE version: OpenJDK Runtime Environment (18.0.2+9) (build 18.0.2+9-61)
# Java VM: OpenJDK 64-Bit Server VM (18.0.2+9-61, mixed mode, emulated-client, sharing, tiered, compressed oops, compressed class ptrs, g1 gc, windows-amd64)
# No core dump will be written. Minidumps are not enabled by default on client versions of Windows
#

---------------  S U M M A R Y ------------

Command Line: -XX:TieredStopAtLevel=1 -Dspring.output.ansi.enabled=always -Dcom.sun.management.jmxremote -Dspring.jmx.enabled=true -Dspring.liveBeansView.mbeanDomain -Dspring.application.admin.enabled=true -Dmanagement.endpoints.jmx.exposure.include=* -javaagent:D:\IntelliJ IDEA 2022.3.1\lib\idea_rt.jar=56819:D:\IntelliJ IDEA 2022.3.1\bin -Dfile.encoding=UTF-8 -Dsun.stdout.encoding=UTF-8 -Dsun.stderr.encoding=UTF-8 com.testing.customer.CustomerApplication

Host: Intel(R) Xeon(R) CPU E31270 @ 3.40GHz, 8 cores, 15G,  Windows 10 , 64 bit Build 19041 (10.0.19041.2913)
Time: Fri Jun  2 01:31:16 2023  Windows 10 , 64 bit Build 19041 (10.0.19041.2913) elapsed time: 1.142142 seconds (0d 0h 0m 1s)

---------------  T H R E A D  ---------------

Current thread (0x000001d7d3d0ced0):  JavaThread "Attach Listener" daemon [_thread_in_vm, id=37340, stack(0x000000034fe00000,0x000000034ff00000)]

Stack: [0x000000034fe00000,0x000000034ff00000]
Native frames: (J=compiled Java code, j=interpreted, Vv=VM code, C=native code)
V  [jvm.dll+0x6993ca]
V  [jvm.dll+0x7f481d]
V  [jvm.dll+0x7f612e]
V  [jvm.dll+0x7f67e3]
V  [jvm.dll+0x25cdaf]
V  [jvm.dll+0xb8c2f]
V  [jvm.dll+0xb8fa5]
V  [jvm.dll+0x20abea]
V  [jvm.dll+0x209a02]
V  [jvm.dll+0x76dddd]
V  [jvm.dll+0x76f116]
V  [jvm.dll+0x76f448]
V  [jvm.dll+0x2551d6]
V  [jvm.dll+0x25541f]
V  [jvm.dll+0x57c6c8]
V  [jvm.dll+0x57f537]
V  [jvm.dll+0x3a4da3]
V  [jvm.dll+0x3a443f]
C  0x000001d7c4a6918c

Java frames: (J=compiled Java code, j=interpreted, Vv=VM code)
j  java.time.ZoneRegion.ofId(Ljava/lang/String;Z)Ljava/time/ZoneRegion;+15 java.base@18.0.2
j  java.time.ZoneId.of(Ljava/lang/String;Z)Ljava/time/ZoneId;+81 java.base@18.0.2
j  java.time.ZoneId.of(Ljava/lang/String;)Ljava/time/ZoneId;+2 java.base@18.0.2
j  java.time.ZoneId.of(Ljava/lang/String;Ljava/util/Map;)Ljava/time/ZoneId;+33 java.base@18.0.2
j  java.util.TimeZone.toZoneId0()Ljava/time/ZoneId;+97 java.base@18.0.2
j  java.util.TimeZone.toZoneId()Ljava/time/ZoneId;+11 java.base@18.0.2
j  java.util.TimeZone.toZoneId0()Ljava/time/ZoneId;+30 java.base@18.0.2
j  java.util.TimeZone.toZoneId()Ljava/time/ZoneId;+11 java.base@18.0.2
j  sun.util.cldr.CLDRTimeZoneNameProviderImpl.getDisplayNameArray(Ljava/lang/String;Ljava/util/Locale;)[Ljava/lang/String;+153 java.base@18.0.2
j  sun.util.locale.provider.TimeZoneNameProviderImpl.getDisplayName(Ljava/lang/String;ZILjava/util/Locale;)Ljava/lang/String;+4 java.base@18.0.2
j  sun.util.locale.provider.TimeZoneNameUtility$TimeZoneNameGetter.getName(Ljava/util/spi/TimeZoneNameProvider;Ljava/util/Locale;Ljava/lang/String;ILjava/lang/String;)Ljava/lang/String;+126 java.base@18.0.2
j  sun.util.locale.provider.TimeZoneNameUtility$TimeZoneNameGetter.getObject(Ljava/util/spi/TimeZoneNameProvider;Ljava/util/Locale;Ljava/lang/String;[Ljava/lang/Object;)Ljava/lang/String;+49 java.base@18.0.2
j  sun.util.locale.provider.TimeZoneNameUtility$TimeZoneNameGetter.getObject(Ljava/util/spi/LocaleServiceProvider;Ljava/util/Locale;Ljava/lang/String;[Ljava/lang/Object;)Ljava/lang/Object;+9 java.base@18.0.2
j  sun.util.locale.provider.LocaleServiceProviderPool.getLocalizedObjectImpl(Lsun/util/locale/provider/LocaleServiceProviderPool$LocalizedObjectGetter;Ljava/util/Locale;ZLjava/lang/String;[Ljava/lang/Object;)Ljava/lang/Object;+93 java.base@18.0.2
j  sun.util.locale.provider.LocaleServiceProviderPool.getLocalizedObject(Lsun/util/locale/provider/LocaleServiceProviderPool$LocalizedObjectGetter;Ljava/util/Locale;Ljava/lang/String;[Ljava/lang/Object;)Ljava/lang/Object;+7 java.base@18.0.2
j  sun.util.locale.provider.TimeZoneNameUtility.retrieveDisplayNamesImpl(Ljava/lang/String;Ljava/util/Locale;)[Ljava/lang/String;+140 java.base@18.0.2
j  sun.util.locale.provider.TimeZoneNameUtility.retrieveDisplayName(Ljava/lang/String;ZILjava/util/Locale;)Ljava/lang/String;+2 java.base@18.0.2
j  java.util.TimeZone.getDisplayName(ZILjava/util/Locale;)Ljava/lang/String;+47 java.base@18.0.2
j  java.util.Date.toString()Ljava/lang/String;+150 java.base@18.0.2
j  java.lang.String.valueOf(Ljava/lang/Object;)Ljava/lang/String;+11 java.base@18.0.2
j  java.lang.StringBuilder.append(Ljava/lang/Object;)Ljava/lang/StringBuilder;+2 java.base@18.0.2
j  java.util.Properties.writeDateComment(Ljava/io/BufferedWriter;)V+43 java.base@18.0.2
j  java.util.Properties.store0(Ljava/io/BufferedWriter;Ljava/lang/String;Z)V+10 java.base@18.0.2
j  java.util.Properties.store(Ljava/io/OutputStream;Ljava/lang/String;)V+21 java.base@18.0.2
j  jdk.internal.vm.VMSupport.serializePropertiesToByteArray(Ljava/util/Properties;)[B+77 java.base@18.0.2
j  jdk.internal.vm.VMSupport.serializeAgentPropertiesToByteArray()[B+3 java.base@18.0.2
v  ~StubRoutines::call_stub

---------------  P R O C E S S  ---------------

Threads class SMR info:
_java_thread_list=0x000001d7d88e36e0, length=16, elements={
0x000001d7bd126dd0, 0x000001d7d3cf45e0, 0x000001d7d3cf9660, 0x000001d7d3d0c620,
0x000001d7d3d0ced0, 0x000001d7d3d0d780, 0x000001d7d3d10180, 0x000001d7d3d23920,
0x000001d7d3d24350, 0x000001d7d3ce14f0, 0x000001d7d8132c70, 0x000001d7d86b4680,
0x000001d7d86b4b40, 0x000001d7d87ab1c0, 0x000001d7d8831310, 0x000001d7d8831810
}

Java Threads: ( => current thread )
  0x000001d7bd126dd0 JavaThread "main" [_thread_in_vm, id=38208, stack(0x000000034f400000,0x000000034f500000)]
  0x000001d7d3cf45e0 JavaThread "Reference Handler" daemon [_thread_blocked, id=30044, stack(0x000000034fb00000,0x000000034fc00000)]
  0x000001d7d3cf9660 JavaThread "Finalizer" daemon [_thread_blocked, id=35332, stack(0x000000034fc00000,0x000000034fd00000)]
  0x000001d7d3d0c620 JavaThread "Signal Dispatcher" daemon [_thread_blocked, id=9844, stack(0x000000034fd00000,0x000000034fe00000)]
=>0x000001d7d3d0ced0 JavaThread "Attach Listener" daemon [_thread_in_vm, id=37340, stack(0x000000034fe00000,0x000000034ff00000)]
  0x000001d7d3d0d780 JavaThread "Service Thread" daemon [_thread_blocked, id=16132, stack(0x000000034ff00000,0x0000000350000000)]
  0x000001d7d3d10180 JavaThread "Monitor Deflation Thread" daemon [_thread_blocked, id=24796, stack(0x0000000350000000,0x0000000350100000)]
  0x000001d7d3d23920 JavaThread "C1 CompilerThread0" daemon [_thread_in_native, id=16452, stack(0x0000000350100000,0x0000000350200000)]
  0x000001d7d3d24350 JavaThread "Sweeper thread" daemon [_thread_blocked, id=34064, stack(0x0000000350200000,0x0000000350300000)]
  0x000001d7d3ce14f0 JavaThread "Common-Cleaner" daemon [_thread_blocked, id=32588, stack(0x0000000350300000,0x0000000350400000)]
  0x000001d7d8132c70 JavaThread "C1 CompilerThread1" daemon [_thread_in_native, id=32672, stack(0x0000000350400000,0x0000000350500000)]
  0x000001d7d86b4680 JavaThread "Monitor Ctrl-Break" daemon [_thread_in_native, id=1416, stack(0x0000000350500000,0x0000000350600000)]
  0x000001d7d86b4b40 JavaThread "Notification Thread" daemon [_thread_blocked, id=20940, stack(0x0000000350600000,0x0000000350700000)]
  0x000001d7d87ab1c0 JavaThread "RMI TCP Accept-0" daemon [_thread_in_native, id=23292, stack(0x0000000350700000,0x0000000350800000)]
  0x000001d7d8831310 JavaThread "C1 CompilerThread2" daemon [_thread_blocked, id=20080, stack(0x0000000350900000,0x0000000350a00000)]
  0x000001d7d8831810 JavaThread "C1 CompilerThread3" daemon [_thread_in_native, id=10780, stack(0x0000000350a00000,0x0000000350b00000)]

Other Threads:
  0x000001d7d3cf16d0 VMThread "VM Thread" [stack: 0x000000034fa00000,0x000000034fb00000] [id=37220]
  0x000001d7d87ab9f0 WatcherThread "VM Periodic Task Thread" [stack: 0x0000000350800000,0x0000000350900000] [id=20332]
  0x000001d7bd199090 WorkerThread "GC Thread#0" [stack: 0x000000034f500000,0x000000034f600000] [id=26628]
  0x000001d7d8954020 WorkerThread "GC Thread#1" [stack: 0x0000000350b00000,0x0000000350c00000] [id=20368]
  0x000001d7d89542c0 WorkerThread "GC Thread#2" [stack: 0x0000000350c00000,0x0000000350d00000] [id=24400]
  0x000001d7d8954560 WorkerThread "GC Thread#3" [stack: 0x0000000350d00000,0x0000000350e00000] [id=8924]
  0x000001d7d8954800 WorkerThread "GC Thread#4" [stack: 0x0000000350e00000,0x0000000350f00000] [id=30240]
  0x000001d7d8954aa0 WorkerThread "GC Thread#5" [stack: 0x0000000350f00000,0x0000000351000000] [id=33688]
  0x000001d7d897f7c0 WorkerThread "GC Thread#6" [stack: 0x0000000351000000,0x0000000351100000] [id=22308]
  0x000001d7d897fa60 WorkerThread "GC Thread#7" [stack: 0x0000000351100000,0x0000000351200000] [id=672]
  0x000001d7bd1a9e10 ConcurrentGCThread "G1 Main Marker" [stack: 0x000000034f600000,0x000000034f700000] [id=23496]
  0x000001d7bd1aa710 WorkerThread "G1 Conc#0" [stack: 0x000000034f700000,0x000000034f800000] [id=33920]
  0x000001d7bd1de830 ConcurrentGCThread "G1 Refine#0" [stack: 0x000000034f800000,0x000000034f900000] [id=35388]
  0x000001d7d897fd00 ConcurrentGCThread "G1 Refine#1" unknown state (no osThread)
  0x000001d7d3baf2b0 ConcurrentGCThread "G1 Service" [stack: 0x000000034f900000,0x000000034fa00000] [id=31300]

Threads with active compile tasks:
C1 CompilerThread0     1173 1199       1       sun.net.www.protocol.file.Handler::parseURL (18 bytes)
C1 CompilerThread1     1173 1190       1       java.net.URLStreamHandler::parseURL (1124 bytes)
C1 CompilerThread3     1173 1200       1       java.io.WinNTFileSystem::resolve (275 bytes)

VM state: not at safepoint (normal execution)

VM Mutex/Monitor currently owned by a thread: None

Heap address: 0x0000000700c00000, size: 4084 MB, Compressed Oops mode: Zero based, Oop shift amount: 3

CDS archive(s) mapped at: [0x0000000800000000-0x0000000800ba0000-0x0000000800ba0000), size 12189696, SharedBaseAddress: 0x0000000800000000, ArchiveRelocationMode: 0.
Compressed class space mapped at: 0x0000000800c00000-0x0000000840c00000, reserved size: 1073741824
Narrow klass base: 0x0000000800000000, Narrow klass shift: 0, Narrow klass range: 0x100000000

GC Precious Log:
 CardTable entry size: 512
 Card Set container configuration: InlinePtr #cards 4 size 8 Array Of Cards #cards 16 size 48 Howl #buckets 8 coarsen threshold 3686 Howl Bitmap #cards 512 size 80 coarsen threshold 460 Card regions per heap region 1 cards per card region 4096
 CPUs: 8 total, 8 available
 Memory: 16329M
 Large Page Support: Disabled
 NUMA Support: Disabled
 Compressed Oops: Enabled (Zero based)
 Heap Region Size: 2M
 Heap Min Capacity: 8M
 Heap Initial Capacity: 256M
 Heap Max Capacity: 4084M
 Pre-touch: Disabled
 Parallel Workers: 8
 Concurrent Workers: 2
 Concurrent Refinement Workers: 8
 Periodic GC: Disabled

Heap:
 garbage-first heap   total 262144K, used 9506K [0x0000000700c00000, 0x0000000800000000)
  region size 2048K, 3 young (6144K), 2 survivors (4096K)
 Metaspace       used 6222K, committed 6400K, reserved 1114112K
  class space    used 733K, committed 832K, reserved 1048576K

Heap Regions: E=young(eden), S=young(survivor), O=old, HS=humongous(starts), HC=humongous(continues), CS=collection set, F=free, OA=open archive, CA=closed archive, TAMS=top-at-mark-start (previous, next)
|   0|0x0000000700c00000, 0x0000000700e00000, 0x0000000700e00000|100%| O|  |TAMS 0x0000000700c00000, 0x0000000700c00000| Untracked 
|   1|0x0000000700e00000, 0x0000000701000000, 0x0000000701000000|100%| O|  |TAMS 0x0000000700e00000, 0x0000000700e00000| Untracked 
|   2|0x0000000701000000, 0x0000000701148800, 0x0000000701200000| 64%| O|  |TAMS 0x0000000701000000, 0x0000000701000000| Untracked 
|   3|0x0000000701200000, 0x0000000701200000, 0x0000000701400000|  0%| F|  |TAMS 0x0000000701200000, 0x0000000701200000| Untracked 
|   4|0x0000000701400000, 0x0000000701400000, 0x0000000701600000|  0%| F|  |TAMS 0x0000000701400000, 0x0000000701400000| Untracked 
|   5|0x0000000701600000, 0x0000000701600000, 0x0000000701800000|  0%| F|  |TAMS 0x0000000701600000, 0x0000000701600000| Untracked 
|   6|0x0000000701800000, 0x0000000701800000, 0x0000000701a00000|  0%| F|  |TAMS 0x0000000701800000, 0x0000000701800000| Untracked 
|   7|0x0000000701a00000, 0x0000000701a00000, 0x0000000701c00000|  0%| F|  |TAMS 0x0000000701a00000, 0x0000000701a00000| Untracked 
|   8|0x0000000701c00000, 0x0000000701c00000, 0x0000000701e00000|  0%| F|  |TAMS 0x0000000701c00000, 0x0000000701c00000| Untracked 
|   9|0x0000000701e00000, 0x0000000701e00000, 0x0000000702000000|  0%| F|  |TAMS 0x0000000701e00000, 0x0000000701e00000| Untracked 
|  10|0x0000000702000000, 0x0000000702000000, 0x0000000702200000|  0%| F|  |TAMS 0x0000000702000000, 0x0000000702000000| Untracked 
|  11|0x0000000702200000, 0x0000000702200000, 0x0000000702400000|  0%| F|  |TAMS 0x0000000702200000, 0x0000000702200000| Untracked 
|  12|0x0000000702400000, 0x0000000702400000, 0x0000000702600000|  0%| F|  |TAMS 0x0000000702400000, 0x0000000702400000| Untracked 
|  13|0x0000000702600000, 0x0000000702600000, 0x0000000702800000|  0%| F|  |TAMS 0x0000000702600000, 0x0000000702600000| Untracked 
|  14|0x0000000702800000, 0x0000000702800000, 0x0000000702a00000|  0%| F|  |TAMS 0x0000000702800000, 0x0000000702800000| Untracked 
|  15|0x0000000702a00000, 0x0000000702a00000, 0x0000000702c00000|  0%| F|  |TAMS 0x0000000702a00000, 0x0000000702a00000| Untracked 
|  16|0x0000000702c00000, 0x0000000702c00000, 0x0000000702e00000|  0%| F|  |TAMS 0x0000000702c00000, 0x0000000702c00000| Untracked 
|  17|0x0000000702e00000, 0x0000000702e00000, 0x0000000703000000|  0%| F|  |TAMS 0x0000000702e00000, 0x0000000702e00000| Untracked 
|  18|0x0000000703000000, 0x0000000703000000, 0x0000000703200000|  0%| F|  |TAMS 0x0000000703000000, 0x0000000703000000| Untracked 
|  19|0x0000000703200000, 0x0000000703200000, 0x0000000703400000|  0%| F|  |TAMS 0x0000000703200000, 0x0000000703200000| Untracked 
|  20|0x0000000703400000, 0x0000000703400000, 0x0000000703600000|  0%| F|  |TAMS 0x0000000703400000, 0x0000000703400000| Untracked 
|  21|0x0000000703600000, 0x0000000703600000, 0x0000000703800000|  0%| F|  |TAMS 0x0000000703600000, 0x0000000703600000| Untracked 
|  22|0x0000000703800000, 0x0000000703800000, 0x0000000703a00000|  0%| F|  |TAMS 0x0000000703800000, 0x0000000703800000| Untracked 
|  23|0x0000000703a00000, 0x0000000703a00000, 0x0000000703c00000|  0%| F|  |TAMS 0x0000000703a00000, 0x0000000703a00000| Untracked 
|  24|0x0000000703c00000, 0x0000000703c00000, 0x0000000703e00000|  0%| F|  |TAMS 0x0000000703c00000, 0x0000000703c00000| Untracked 
|  25|0x0000000703e00000, 0x0000000703e00000, 0x0000000704000000|  0%| F|  |TAMS 0x0000000703e00000, 0x0000000703e00000| Untracked 
|  26|0x0000000704000000, 0x0000000704000000, 0x0000000704200000|  0%| F|  |TAMS 0x0000000704000000, 0x0000000704000000| Untracked 
|  27|0x0000000704200000, 0x0000000704200000, 0x0000000704400000|  0%| F|  |TAMS 0x0000000704200000, 0x0000000704200000| Untracked 
|  28|0x0000000704400000, 0x0000000704400000, 0x0000000704600000|  0%| F|  |TAMS 0x0000000704400000, 0x0000000704400000| Untracked 
|  29|0x0000000704600000, 0x0000000704600000, 0x0000000704800000|  0%| F|  |TAMS 0x0000000704600000, 0x0000000704600000| Untracked 
|  30|0x0000000704800000, 0x0000000704800000, 0x0000000704a00000|  0%| F|  |TAMS 0x0000000704800000, 0x0000000704800000| Untracked 
|  31|0x0000000704a00000, 0x0000000704a00000, 0x0000000704c00000|  0%| F|  |TAMS 0x0000000704a00000, 0x0000000704a00000| Untracked 
|  32|0x0000000704c00000, 0x0000000704c00000, 0x0000000704e00000|  0%| F|  |TAMS 0x0000000704c00000, 0x0000000704c00000| Untracked 
|  33|0x0000000704e00000, 0x0000000704e00000, 0x0000000705000000|  0%| F|  |TAMS 0x0000000704e00000, 0x0000000704e00000| Untracked 
|  34|0x0000000705000000, 0x0000000705000000, 0x0000000705200000|  0%| F|  |TAMS 0x0000000705000000, 0x0000000705000000| Untracked 
|  35|0x0000000705200000, 0x0000000705200000, 0x0000000705400000|  0%| F|  |TAMS 0x0000000705200000, 0x0000000705200000| Untracked 
|  36|0x0000000705400000, 0x0000000705400000, 0x0000000705600000|  0%| F|  |TAMS 0x0000000705400000, 0x0000000705400000| Untracked 
|  37|0x0000000705600000, 0x0000000705600000, 0x0000000705800000|  0%| F|  |TAMS 0x0000000705600000, 0x0000000705600000| Untracked 
|  38|0x0000000705800000, 0x0000000705800000, 0x0000000705a00000|  0%| F|  |TAMS 0x0000000705800000, 0x0000000705800000| Untracked 
|  39|0x0000000705a00000, 0x0000000705a00000, 0x0000000705c00000|  0%| F|  |TAMS 0x0000000705a00000, 0x0000000705a00000| Untracked 
|  40|0x0000000705c00000, 0x0000000705c00000, 0x0000000705e00000|  0%| F|  |TAMS 0x0000000705c00000, 0x0000000705c00000| Untracked 
|  41|0x0000000705e00000, 0x0000000705e00000, 0x0000000706000000|  0%| F|  |TAMS 0x0000000705e00000, 0x0000000705e00000| Untracked 
|  42|0x0000000706000000, 0x0000000706000000, 0x0000000706200000|  0%| F|  |TAMS 0x0000000706000000, 0x0000000706000000| Untracked 
|  43|0x0000000706200000, 0x0000000706200000, 0x0000000706400000|  0%| F|  |TAMS 0x0000000706200000, 0x0000000706200000| Untracked 
|  44|0x0000000706400000, 0x0000000706400000, 0x0000000706600000|  0%| F|  |TAMS 0x0000000706400000, 0x0000000706400000| Untracked 
|  45|0x0000000706600000, 0x0000000706600000, 0x0000000706800000|  0%| F|  |TAMS 0x0000000706600000, 0x0000000706600000| Untracked 
|  46|0x0000000706800000, 0x0000000706800000, 0x0000000706a00000|  0%| F|  |TAMS 0x0000000706800000, 0x0000000706800000| Untracked 
|  47|0x0000000706a00000, 0x0000000706a00000, 0x0000000706c00000|  0%| F|  |TAMS 0x0000000706a00000, 0x0000000706a00000| Untracked 
|  48|0x0000000706c00000, 0x0000000706c00000, 0x0000000706e00000|  0%| F|  |TAMS 0x0000000706c00000, 0x0000000706c00000| Untracked 
|  49|0x0000000706e00000, 0x0000000706e00000, 0x0000000707000000|  0%| F|  |TAMS 0x0000000706e00000, 0x0000000706e00000| Untracked 
|  50|0x0000000707000000, 0x0000000707000000, 0x0000000707200000|  0%| F|  |TAMS 0x0000000707000000, 0x0000000707000000| Untracked 
|  51|0x0000000707200000, 0x0000000707200000, 0x0000000707400000|  0%| F|  |TAMS 0x0000000707200000, 0x0000000707200000| Untracked 
|  52|0x0000000707400000, 0x0000000707400000, 0x0000000707600000|  0%| F|  |TAMS 0x0000000707400000, 0x0000000707400000| Untracked 
|  53|0x0000000707600000, 0x0000000707600000, 0x0000000707800000|  0%| F|  |TAMS 0x0000000707600000, 0x0000000707600000| Untracked 
|  54|0x0000000707800000, 0x0000000707800000, 0x0000000707a00000|  0%| F|  |TAMS 0x0000000707800000, 0x0000000707800000| Untracked 
|  55|0x0000000707a00000, 0x0000000707a00000, 0x0000000707c00000|  0%| F|  |TAMS 0x0000000707a00000, 0x0000000707a00000| Untracked 
|  56|0x0000000707c00000, 0x0000000707c00000, 0x0000000707e00000|  0%| F|  |TAMS 0x0000000707c00000, 0x0000000707c00000| Untracked 
|  57|0x0000000707e00000, 0x0000000707e00000, 0x0000000708000000|  0%| F|  |TAMS 0x0000000707e00000, 0x0000000707e00000| Untracked 
|  58|0x0000000708000000, 0x0000000708000000, 0x0000000708200000|  0%| F|  |TAMS 0x0000000708000000, 0x0000000708000000| Untracked 
|  59|0x0000000708200000, 0x0000000708200000, 0x0000000708400000|  0%| F|  |TAMS 0x0000000708200000, 0x0000000708200000| Untracked 
|  60|0x0000000708400000, 0x0000000708400000, 0x0000000708600000|  0%| F|  |TAMS 0x0000000708400000, 0x0000000708400000| Untracked 
|  61|0x0000000708600000, 0x0000000708600000, 0x0000000708800000|  0%| F|  |TAMS 0x0000000708600000, 0x0000000708600000| Untracked 
|  62|0x0000000708800000, 0x0000000708800000, 0x0000000708a00000|  0%| F|  |TAMS 0x0000000708800000, 0x0000000708800000| Untracked 
|  63|0x0000000708a00000, 0x0000000708a00000, 0x0000000708c00000|  0%| F|  |TAMS 0x0000000708a00000, 0x0000000708a00000| Untracked 
|  64|0x0000000708c00000, 0x0000000708c00000, 0x0000000708e00000|  0%| F|  |TAMS 0x0000000708c00000, 0x0000000708c00000| Untracked 
|  65|0x0000000708e00000, 0x0000000708e00000, 0x0000000709000000|  0%| F|  |TAMS 0x0000000708e00000, 0x0000000708e00000| Untracked 
|  66|0x0000000709000000, 0x0000000709000000, 0x0000000709200000|  0%| F|  |TAMS 0x0000000709000000, 0x0000000709000000| Untracked 
|  67|0x0000000709200000, 0x0000000709200000, 0x0000000709400000|  0%| F|  |TAMS 0x0000000709200000, 0x0000000709200000| Untracked 
|  68|0x0000000709400000, 0x0000000709400000, 0x0000000709600000|  0%| F|  |TAMS 0x0000000709400000, 0x0000000709400000| Untracked 
|  69|0x0000000709600000, 0x0000000709600000, 0x0000000709800000|  0%| F|  |TAMS 0x0000000709600000, 0x0000000709600000| Untracked 
|  70|0x0000000709800000, 0x0000000709800000, 0x0000000709a00000|  0%| F|  |TAMS 0x0000000709800000, 0x0000000709800000| Untracked 
|  71|0x0000000709a00000, 0x0000000709a00000, 0x0000000709c00000|  0%| F|  |TAMS 0x0000000709a00000, 0x0000000709a00000| Untracked 
|  72|0x0000000709c00000, 0x0000000709c00000, 0x0000000709e00000|  0%| F|  |TAMS 0x0000000709c00000, 0x0000000709c00000| Untracked 
|  73|0x0000000709e00000, 0x0000000709e00000, 0x000000070a000000|  0%| F|  |TAMS 0x0000000709e00000, 0x0000000709e00000| Untracked 
|  74|0x000000070a000000, 0x000000070a000000, 0x000000070a200000|  0%| F|  |TAMS 0x000000070a000000, 0x000000070a000000| Untracked 
|  75|0x000000070a200000, 0x000000070a200000, 0x000000070a400000|  0%| F|  |TAMS 0x000000070a200000, 0x000000070a200000| Untracked 
|  76|0x000000070a400000, 0x000000070a400000, 0x000000070a600000|  0%| F|  |TAMS 0x000000070a400000, 0x000000070a400000| Untracked 
|  77|0x000000070a600000, 0x000000070a600000, 0x000000070a800000|  0%| F|  |TAMS 0x000000070a600000, 0x000000070a600000| Untracked 
|  78|0x000000070a800000, 0x000000070a800000, 0x000000070aa00000|  0%| F|  |TAMS 0x000000070a800000, 0x000000070a800000| Untracked 
|  79|0x000000070aa00000, 0x000000070aa00000, 0x000000070ac00000|  0%| F|  |TAMS 0x000000070aa00000, 0x000000070aa00000| Untracked 
|  80|0x000000070ac00000, 0x000000070ac00000, 0x000000070ae00000|  0%| F|  |TAMS 0x000000070ac00000, 0x000000070ac00000| Untracked 
|  81|0x000000070ae00000, 0x000000070ae00000, 0x000000070b000000|  0%| F|  |TAMS 0x000000070ae00000, 0x000000070ae00000| Untracked 
|  82|0x000000070b000000, 0x000000070b000000, 0x000000070b200000|  0%| F|  |TAMS 0x000000070b000000, 0x000000070b000000| Untracked 
|  83|0x000000070b200000, 0x000000070b200000, 0x000000070b400000|  0%| F|  |TAMS 0x000000070b200000, 0x000000070b200000| Untracked 
|  84|0x000000070b400000, 0x000000070b400000, 0x000000070b600000|  0%| F|  |TAMS 0x000000070b400000, 0x000000070b400000| Untracked 
|  85|0x000000070b600000, 0x000000070b600000, 0x000000070b800000|  0%| F|  |TAMS 0x000000070b600000, 0x000000070b600000| Untracked 
|  86|0x000000070b800000, 0x000000070b800000, 0x000000070ba00000|  0%| F|  |TAMS 0x000000070b800000, 0x000000070b800000| Untracked 
|  87|0x000000070ba00000, 0x000000070ba00000, 0x000000070bc00000|  0%| F|  |TAMS 0x000000070ba00000, 0x000000070ba00000| Untracked 
|  88|0x000000070bc00000, 0x000000070bc00000, 0x000000070be00000|  0%| F|  |TAMS 0x000000070bc00000, 0x000000070bc00000| Untracked 
|  89|0x000000070be00000, 0x000000070be00000, 0x000000070c000000|  0%| F|  |TAMS 0x000000070be00000, 0x000000070be00000| Untracked 
|  90|0x000000070c000000, 0x000000070c000000, 0x000000070c200000|  0%| F|  |TAMS 0x000000070c000000, 0x000000070c000000| Untracked 
|  91|0x000000070c200000, 0x000000070c200000, 0x000000070c400000|  0%| F|  |TAMS 0x000000070c200000, 0x000000070c200000| Untracked 
|  92|0x000000070c400000, 0x000000070c400000, 0x000000070c600000|  0%| F|  |TAMS 0x000000070c400000, 0x000000070c400000| Untracked 
|  93|0x000000070c600000, 0x000000070c600000, 0x000000070c800000|  0%| F|  |TAMS 0x000000070c600000, 0x000000070c600000| Untracked 
|  94|0x000000070c800000, 0x000000070c800000, 0x000000070ca00000|  0%| F|  |TAMS 0x000000070c800000, 0x000000070c800000| Untracked 
|  95|0x000000070ca00000, 0x000000070ca00000, 0x000000070cc00000|  0%| F|  |TAMS 0x000000070ca00000, 0x000000070ca00000| Untracked 
|  96|0x000000070cc00000, 0x000000070cc00000, 0x000000070ce00000|  0%| F|  |TAMS 0x000000070cc00000, 0x000000070cc00000| Untracked 
|  97|0x000000070ce00000, 0x000000070ce00000, 0x000000070d000000|  0%| F|  |TAMS 0x000000070ce00000, 0x000000070ce00000| Untracked 
|  98|0x000000070d000000, 0x000000070d000000, 0x000000070d200000|  0%| F|  |TAMS 0x000000070d000000, 0x000000070d000000| Untracked 
|  99|0x000000070d200000, 0x000000070d200000, 0x000000070d400000|  0%| F|  |TAMS 0x000000070d200000, 0x000000070d200000| Untracked 
| 100|0x000000070d400000, 0x000000070d400000, 0x000000070d600000|  0%| F|  |TAMS 0x000000070d400000, 0x000000070d400000| Untracked 
| 101|0x000000070d600000, 0x000000070d600000, 0x000000070d800000|  0%| F|  |TAMS 0x000000070d600000, 0x000000070d600000| Untracked 
| 102|0x000000070d800000, 0x000000070d800000, 0x000000070da00000|  0%| F|  |TAMS 0x000000070d800000, 0x000000070d800000| Untracked 
| 103|0x000000070da00000, 0x000000070da00000, 0x000000070dc00000|  0%| F|  |TAMS 0x000000070da00000, 0x000000070da00000| Untracked 
| 104|0x000000070dc00000, 0x000000070dc00000, 0x000000070de00000|  0%| F|  |TAMS 0x000000070dc00000, 0x000000070dc00000| Untracked 
| 105|0x000000070de00000, 0x000000070de00000, 0x000000070e000000|  0%| F|  |TAMS 0x000000070de00000, 0x000000070de00000| Untracked 
| 106|0x000000070e000000, 0x000000070e000000, 0x000000070e200000|  0%| F|  |TAMS 0x000000070e000000, 0x000000070e000000| Untracked 
| 107|0x000000070e200000, 0x000000070e200000, 0x000000070e400000|  0%| F|  |TAMS 0x000000070e200000, 0x000000070e200000| Untracked 
| 108|0x000000070e400000, 0x000000070e400000, 0x000000070e600000|  0%| F|  |TAMS 0x000000070e400000, 0x000000070e400000| Untracked 
| 109|0x000000070e600000, 0x000000070e600000, 0x000000070e800000|  0%| F|  |TAMS 0x000000070e600000, 0x000000070e600000| Untracked 
| 110|0x000000070e800000, 0x000000070e800000, 0x000000070ea00000|  0%| F|  |TAMS 0x000000070e800000, 0x000000070e800000| Untracked 
| 111|0x000000070ea00000, 0x000000070ea00000, 0x000000070ec00000|  0%| F|  |TAMS 0x000000070ea00000, 0x000000070ea00000| Untracked 
| 112|0x000000070ec00000, 0x000000070ec00000, 0x000000070ee00000|  0%| F|  |TAMS 0x000000070ec00000, 0x000000070ec00000| Untracked 
| 113|0x000000070ee00000, 0x000000070ee00000, 0x000000070f000000|  0%| F|  |TAMS 0x000000070ee00000, 0x000000070ee00000| Untracked 
| 114|0x000000070f000000, 0x000000070f000000, 0x000000070f200000|  0%| F|  |TAMS 0x000000070f000000, 0x000000070f000000| Untracked 
| 115|0x000000070f200000, 0x000000070f400000, 0x000000070f400000|100%| S|CS|TAMS 0x000000070f200000, 0x000000070f200000| Complete 
| 116|0x000000070f400000, 0x000000070f600000, 0x000000070f600000|100%| S|CS|TAMS 0x000000070f400000, 0x000000070f400000| Complete 
| 117|0x000000070f600000, 0x000000070f600000, 0x000000070f800000|  0%| F|  |TAMS 0x000000070f600000, 0x000000070f600000| Untracked 
| 118|0x000000070f800000, 0x000000070f800000, 0x000000070fa00000|  0%| F|  |TAMS 0x000000070f800000, 0x000000070f800000| Untracked 
| 119|0x000000070fa00000, 0x000000070fa00000, 0x000000070fc00000|  0%| F|  |TAMS 0x000000070fa00000, 0x000000070fa00000| Untracked 
| 120|0x000000070fc00000, 0x000000070fc00000, 0x000000070fe00000|  0%| F|  |TAMS 0x000000070fc00000, 0x000000070fc00000| Untracked 
| 121|0x000000070fe00000, 0x000000070fe00000, 0x0000000710000000|  0%| F|  |TAMS 0x000000070fe00000, 0x000000070fe00000| Untracked 
| 122|0x0000000710000000, 0x0000000710000000, 0x0000000710200000|  0%| F|  |TAMS 0x0000000710000000, 0x0000000710000000| Untracked 
| 123|0x0000000710200000, 0x0000000710200000, 0x0000000710400000|  0%| F|  |TAMS 0x0000000710200000, 0x0000000710200000| Untracked 
| 124|0x0000000710400000, 0x0000000710400000, 0x0000000710600000|  0%| F|  |TAMS 0x0000000710400000, 0x0000000710400000| Untracked 
| 125|0x0000000710600000, 0x0000000710600000, 0x0000000710800000|  0%| F|  |TAMS 0x0000000710600000, 0x0000000710600000| Untracked 
| 126|0x0000000710800000, 0x0000000710800000, 0x0000000710a00000|  0%| F|  |TAMS 0x0000000710800000, 0x0000000710800000| Untracked 
| 127|0x0000000710a00000, 0x0000000710b8ed78, 0x0000000710c00000| 77%| E|  |TAMS 0x0000000710a00000, 0x0000000710a00000| Complete 

Card table byte_map: [0x000001d7c8360000,0x000001d7c8b60000] _byte_map_base: 0x000001d7c4b5a000

Marking Bits (Prev, Next): (CMBitMap*) 0x000001d7bd1995a0, (CMBitMap*) 0x000001d7bd1995e0
 Prev Bits: [0x000001d7c9360000, 0x000001d7cd330000)
 Next Bits: [0x000001d7cd330000, 0x000001d7d1300000)

Polling page: 0x000001d7bb0a0000

Metaspace:

Usage:
  Non-class:      5.36 MB used.
      Class:    733.52 KB used.
       Both:      6.08 MB used.

Virtual space:
  Non-class space:       64.00 MB reserved,       5.44 MB (  8%) committed,  1 nodes.
      Class space:        1.00 GB reserved,     832.00 KB ( <1%) committed,  1 nodes.
             Both:        1.06 GB reserved,       6.25 MB ( <1%) committed. 

Chunk freelists:
   Non-Class:  1.81 MB
       Class:  3.09 MB
        Both:  4.91 MB

MaxMetaspaceSize: unlimited
CompressedClassSpaceSize: 1.00 GB
Initial GC threshold: 21.00 MB
Current GC threshold: 21.00 MB
CDS: on
MetaspaceReclaimPolicy: balanced
 - commit_granule_bytes: 65536.
 - commit_granule_words: 8192.
 - virtual_space_node_default_size: 8388608.
 - enlarge_chunks_in_place: 1.
 - new_chunks_are_fully_committed: 0.
 - uncommit_free_chunks: 1.
 - use_allocation_guard: 0.


Internal statistics:

num_allocs_failed_limit: 0.
num_arena_births: 122.
num_arena_deaths: 0.
num_vsnodes_births: 2.
num_vsnodes_deaths: 0.
num_space_committed: 100.
num_space_uncommitted: 0.
num_chunks_returned_to_freelist: 0.
num_chunks_taken_from_freelist: 196.
num_chunk_merges: 0.
num_chunk_splits: 129.
num_chunks_enlarged: 86.
num_inconsistent_stats: 0.

CodeCache: size=49152Kb used=4512Kb max_used=4512Kb free=44639Kb
 bounds [0x000001d7c4a50000, 0x000001d7c4ec0000, 0x000001d7c7a50000]
 total_blobs=1653 nmethods=1198 adapters=380
 compilation: enabled
              stopped_count=0, restarted_count=0
 full_count=0

Compilation events (20 events):
Event: 1.119 Thread 0x000001d7d3d23920 nmethod 1184 0x000001d7c4eb2d10 code [0x000001d7c4eb2ea0, 0x000001d7c4eb3018]
Event: 1.129 Thread 0x000001d7d8132c70 1187       1       java.lang.ref.Reference::enqueueFromPending (19 bytes)
Event: 1.129 Thread 0x000001d7d8831310 1188   !   1       java.lang.ref.ReferenceQueue::enqueue (119 bytes)
Event: 1.130 Thread 0x000001d7d8132c70 nmethod 1187 0x000001d7c4eb3890 code [0x000001d7c4eb3a20, 0x000001d7c4eb3b28]
Event: 1.130 Thread 0x000001d7d8831310 nmethod 1188 0x000001d7c4eb3b90 code [0x000001d7c4eb3d60, 0x000001d7c4eb41e8]
Event: 1.130 Thread 0x000001d7d8132c70 1190       1       java.net.URLStreamHandler::parseURL (1124 bytes)
Event: 1.131 Thread 0x000001d7d8831810 1191       1       java.lang.ref.ReferenceQueue::reallyPoll (65 bytes)
Event: 1.131 Thread 0x000001d7d8831310 1192   !   1       java.util.concurrent.ConcurrentHashMap::replaceNode (437 bytes)
Event: 1.131 Thread 0x000001d7d8831810 nmethod 1191 0x000001d7c4eb4390 code [0x000001d7c4eb4540, 0x000001d7c4eb4858]
Event: 1.133 Thread 0x000001d7d8831310 nmethod 1192 0x000001d7c4eb4910 code [0x000001d7c4eb4ba0, 0x000001d7c4eb5a58]
Event: 1.133 Thread 0x000001d7d8831810 1193       1       java.lang.Enum::equals (11 bytes)
Event: 1.134 Thread 0x000001d7d8831810 nmethod 1193 0x000001d7c4eb6510 code [0x000001d7c4eb66a0, 0x000001d7c4eb6778]
Event: 1.134 Thread 0x000001d7d8831810 1194       1       java.lang.invoke.DirectMethodHandle::allocateInstance (16 bytes)
Event: 1.134 Thread 0x000001d7d8831310 1196       1       java.lang.invoke.DirectMethodHandle::constructorMethod (10 bytes)
Event: 1.134 Thread 0x000001d7d8831810 nmethod 1194 0x000001d7c4eb6c90 code [0x000001d7c4eb6e20, 0x000001d7c4eb6f28]
Event: 1.134 Thread 0x000001d7d8831310 nmethod 1196 0x000001d7c4eb7010 code [0x000001d7c4eb71a0, 0x000001d7c4eb7298]
Event: 1.138 Thread 0x000001d7d8831310 1197       1       java.lang.ref.SoftReference::<init> (14 bytes)
Event: 1.138 Thread 0x000001d7d3d23920 1198       1       java.util.jar.JarFile::maybeInstantiateVerifier (42 bytes)
Event: 1.138 Thread 0x000001d7d8831310 nmethod 1197 0x000001d7c4eb7390 code [0x000001d7c4eb7520, 0x000001d7c4eb76d8]
Event: 1.139 Thread 0x000001d7d3d23920 nmethod 1198 0x000001d7c4eb7790 code [0x000001d7c4eb7940, 0x000001d7c4eb7ad8]

GC Heap History (2 events):
Event: 1.120 GC heap before
{Heap before GC invocations=0 (full 0):
 garbage-first heap   total 262144K, used 20480K [0x0000000700c00000, 0x0000000800000000)
  region size 2048K, 11 young (22528K), 0 survivors (0K)
 Metaspace       used 5978K, committed 6272K, reserved 1114112K
  class space    used 706K, committed 832K, reserved 1048576K
}
Event: 1.129 GC heap after
{Heap after GC invocations=1 (full 0):
 garbage-first heap   total 262144K, used 9506K [0x0000000700c00000, 0x0000000800000000)
  region size 2048K, 2 young (4096K), 2 survivors (4096K)
 Metaspace       used 5978K, committed 6272K, reserved 1114112K
  class space    used 706K, committed 832K, reserved 1048576K
}

Deoptimization events (0 events):
No events

Classes loaded (20 events):
Event: 1.130 Loading class sun/util/locale/provider/TimeZoneNameUtility done
Event: 1.130 Loading class sun/util/locale/provider/TimeZoneNameUtility$TimeZoneNameGetter
Event: 1.130 Loading class sun/util/locale/provider/TimeZoneNameUtility$TimeZoneNameGetter done
Event: 1.131 Loading class sun/util/cldr/CLDRTimeZoneNameProviderImpl
Event: 1.132 Loading class sun/util/locale/provider/TimeZoneNameProviderImpl
Event: 1.132 Loading class sun/util/locale/provider/TimeZoneNameProviderImpl done
Event: 1.132 Loading class sun/util/cldr/CLDRTimeZoneNameProviderImpl done
Event: 1.133 Loading class sun/util/locale/provider/BaseLocaleDataMetaInfo
Event: 1.133 Loading class sun/util/locale/provider/BaseLocaleDataMetaInfo done
Event: 1.135 Loading class sun/util/resources/cldr/TimeZoneNames
Event: 1.135 Loading class sun/util/resources/TimeZoneNamesBundle
Event: 1.135 Loading class sun/util/resources/OpenListResourceBundle
Event: 1.135 Loading class sun/util/resources/OpenListResourceBundle done
Event: 1.135 Loading class sun/util/resources/TimeZoneNamesBundle done
Event: 1.135 Loading class sun/util/resources/cldr/TimeZoneNames done
Event: 1.135 Loading class sun/util/resources/cldr/TimeZoneNames_en
Event: 1.136 Loading class sun/util/resources/cldr/TimeZoneNames_en done
Event: 1.136 Loading class sun/util/resources/cldr/TimeZoneNames_en_US
Event: 1.136 Loading class sun/util/resources/cldr/TimeZoneNames_en_US done
Event: 1.138 Loading class java/time/zone/ZoneRulesProvider

Classes unloaded (0 events):
No events

Classes redefined (0 events):
No events

Internal exceptions (18 events):
Event: 0.429 Thread 0x000001d7bd126dd0 Exception <a 'java/lang/NoSuchMethodError'{0x000000071014e210}: 'void java.lang.invoke.DirectMethodHandle$Holder.invokeStatic(java.lang.Object, java.lang.Object, java.lang.Object)'> (0x000000071014e210) 
thrown [s\open\src\hotspot\share\interpreter\linkResolver.cpp, line 759]
Event: 0.434 Thread 0x000001d7bd126dd0 Exception <a 'java/lang/NoSuchMethodError'{0x0000000710166f48}: 'java.lang.Object java.lang.invoke.Invokers$Holder.invokeExact_MT(java.lang.Object, java.lang.Object, java.lang.Object, java.lang.Object, java.lang.Object)'> (0x0000000710166f48) 
thrown [s\open\src\hotspot\share\interpreter\linkResolver.cpp, line 759]
Event: 0.453 Thread 0x000001d7d86b4680 Exception <a 'java/lang/NoSuchMethodError'{0x00000007101dc360}: 'void java.lang.invoke.DirectMethodHandle$Holder.invokeStatic(java.lang.Object, java.lang.Object)'> (0x00000007101dc360) 
thrown [s\open\src\hotspot\share\interpreter\linkResolver.cpp, line 759]
Event: 0.470 Thread 0x000001d7bd126dd0 Exception <a 'java/lang/NoSuchMethodError'{0x000000071019cba0}: 'java.lang.Object java.lang.invoke.DirectMethodHandle$Holder.invokeStaticInit(java.lang.Object)'> (0x000000071019cba0) 
thrown [s\open\src\hotspot\share\interpreter\linkResolver.cpp, line 759]
Event: 0.489 Thread 0x000001d7bd126dd0 Exception <a 'java/lang/NoSuchMethodError'{0x00000007101b3088}: 'int java.lang.invoke.DirectMethodHandle$Holder.invokeInterface(java.lang.Object, java.lang.Object)'> (0x00000007101b3088) 
thrown [s\open\src\hotspot\share\interpreter\linkResolver.cpp, line 759]
Event: 0.490 Thread 0x000001d7bd126dd0 Exception <a 'java/lang/IncompatibleClassChangeError'{0x00000007101b6680}: Found class java.lang.Object, but interface was expected> (0x00000007101b6680) 
thrown [s\open\src\hotspot\share\interpreter\linkResolver.cpp, line 826]
Event: 0.545 Thread 0x000001d7bd126dd0 Exception <a 'java/lang/NoSuchMethodError'{0x000000070ff21060}: 'int java.lang.invoke.DirectMethodHandle$Holder.invokeSpecial(java.lang.Object, java.lang.Object, java.lang.Object)'> (0x000000070ff21060) 
thrown [s\open\src\hotspot\share\interpreter\linkResolver.cpp, line 759]
Event: 0.626 Thread 0x000001d7bd126dd0 Exception <a 'java/lang/NoSuchMethodError'{0x000000070fc56098}: 'int java.lang.invoke.DirectMethodHandle$Holder.invokeSpecialIFC(java.lang.Object, java.lang.Object, java.lang.Object)'> (0x000000070fc56098) 
thrown [s\open\src\hotspot\share\interpreter\linkResolver.cpp, line 759]
Event: 0.676 Thread 0x000001d7bd126dd0 Exception <a 'java/lang/NoSuchMethodError'{0x000000070fccd028}: 'java.lang.Object java.lang.invoke.DirectMethodHandle$Holder.invokeStaticInit(java.lang.Object, int, int, int, int)'> (0x000000070fccd028) 
thrown [s\open\src\hotspot\share\interpreter\linkResolver.cpp, line 759]
Event: 0.779 Thread 0x000001d7bd126dd0 Exception <a 'java/lang/NoSuchMethodError'{0x000000070fcfb040}: 'java.lang.Object java.lang.invoke.DirectMethodHandle$Holder.invokeStaticInit(java.lang.Object, java.lang.Object, int, int, int, int)'> (0x000000070fcfb040) 
thrown [s\open\src\hotspot\share\interpreter\linkResolver.cpp, line 759]
Event: 0.800 Thread 0x000001d7bd126dd0 Exception <a 'java/lang/ClassNotFoundException'{0x000000070fd1a570}: javax/management/remote/rmi/RMIServerImpl_Skel> (0x000000070fd1a570) 
thrown [s\open\src\hotspot\share\classfile\systemDictionary.cpp, line 255]
Event: 0.818 Thread 0x000001d7bd126dd0 Exception <a 'java/lang/NoSuchMethodError'{0x000000070fd34830}: 'long java.lang.invoke.DirectMethodHandle$Holder.invokeSpecial(java.lang.Object, java.lang.Object)'> (0x000000070fd34830) 
thrown [s\open\src\hotspot\share\interpreter\linkResolver.cpp, line 759]
Event: 0.819 Thread 0x000001d7bd126dd0 Exception <a 'java/lang/NoSuchMethodError'{0x000000070fd38170}: 'long java.lang.invoke.Invokers$Holder.invokeExact_MT(java.lang.Object, java.lang.Object)'> (0x000000070fd38170) 
thrown [s\open\src\hotspot\share\interpreter\linkResolver.cpp, line 759]
Event: 0.829 Thread 0x000001d7bd126dd0 Exception <a 'java/lang/NoSuchMethodError'{0x000000070fd50ec8}: 'void java.lang.invoke.DirectMethodHandle$Holder.invokeSpecial(java.lang.Object, java.lang.Object, java.lang.Object)'> (0x000000070fd50ec8) 
thrown [s\open\src\hotspot\share\interpreter\linkResolver.cpp, line 759]
Event: 0.960 Thread 0x000001d7bd126dd0 Exception <a 'java/lang/ClassNotFoundException'{0x000000070fb49940}: javax/smartcardio/CardPermission> (0x000000070fb49940) 
thrown [s\open\src\hotspot\share\classfile\systemDictionary.cpp, line 255]
Event: 0.965 Thread 0x000001d7bd126dd0 Exception <a 'java/io/FileNotFoundException'{0x000000070fb57b20}> (0x000000070fb57b20) 
thrown [s\open\src\hotspot\share\prims\jni.cpp, line 516]
Event: 1.096 Thread 0x000001d7bd126dd0 Exception <a 'java/lang/NoSuchMethodError'{0x000000070f7544a0}: 'java.lang.Object java.lang.invoke.DirectMethodHandle$Holder.invokeSpecialIFC(java.lang.Object, java.lang.Object, java.lang.Object, java.lang.Object)'> (0x000000070f7544a0) 
thrown [s\open\src\hotspot\share\interpreter\linkResolver.cpp, line 759]
Event: 1.117 Thread 0x000001d7bd126dd0 Exception <a 'java/lang/NoSuchMethodError'{0x000000070f7ec4e8}: 'int java.lang.invoke.DirectMethodHandle$Holder.invokeStaticInit(java.lang.Object, java.lang.Object)'> (0x000000070f7ec4e8) 
thrown [s\open\src\hotspot\share\interpreter\linkResolver.cpp, line 759]

VM Operations (18 events):
Event: 0.282 Executing VM operation: HandshakeAllThreads
Event: 0.282 Executing VM operation: HandshakeAllThreads done
Event: 0.445 Executing VM operation: HandshakeAllThreads
Event: 0.445 Executing VM operation: HandshakeAllThreads done
Event: 0.494 Executing VM operation: HandshakeAllThreads
Event: 0.494 Executing VM operation: HandshakeAllThreads done
Event: 0.495 Executing VM operation: HandshakeAllThreads
Event: 0.495 Executing VM operation: HandshakeAllThreads done
Event: 0.651 Executing VM operation: HandshakeAllThreads
Event: 0.651 Executing VM operation: HandshakeAllThreads done
Event: 0.833 Executing VM operation: HandshakeAllThreads
Event: 0.833 Executing VM operation: HandshakeAllThreads done
Event: 1.084 Executing VM operation: HandshakeAllThreads
Event: 1.084 Executing VM operation: HandshakeAllThreads done
Event: 1.084 Executing VM operation: Cleanup
Event: 1.085 Executing VM operation: Cleanup done
Event: 1.120 Executing VM operation: G1CollectForAllocation
Event: 1.129 Executing VM operation: G1CollectForAllocation done

Events (20 events):
Event: 0.079 Thread 0x000001d7d3d10180 Thread added: 0x000001d7d3d10180
Event: 0.079 Thread 0x000001d7d3d23920 Thread added: 0x000001d7d3d23920
Event: 0.080 Thread 0x000001d7d3d24350 Thread added: 0x000001d7d3d24350
Event: 0.271 Thread 0x000001d7d3ce14f0 Thread added: 0x000001d7d3ce14f0
Event: 0.282 Thread 0x000001d7d8132c70 Thread added: 0x000001d7d8132c70
Event: 0.297 Loaded shared library C:\Users\1\.jdks\openjdk-18.0.2\bin\zip.dll
Event: 0.301 Loaded shared library C:\Users\1\.jdks\openjdk-18.0.2\bin\instrument.dll
Event: 0.309 Loaded shared library C:\Users\1\.jdks\openjdk-18.0.2\bin\net.dll
Event: 0.312 Loaded shared library C:\Users\1\.jdks\openjdk-18.0.2\bin\nio.dll
Event: 0.316 Loaded shared library C:\Users\1\.jdks\openjdk-18.0.2\bin\zip.dll
Event: 0.441 Loaded shared library D:\IntelliJ IDEA 2022.3.1\bin\breakgen64.dll
Event: 0.442 Thread 0x000001d7d86b4680 Thread added: 0x000001d7d86b4680
Event: 0.442 Thread 0x000001d7d86b4b40 Thread added: 0x000001d7d86b4b40
Event: 0.448 Loaded shared library C:\Users\1\.jdks\openjdk-18.0.2\bin\jimage.dll
Event: 0.472 Loaded shared library C:\Users\1\.jdks\openjdk-18.0.2\bin\management.dll
Event: 0.484 Loaded shared library C:\Users\1\.jdks\openjdk-18.0.2\bin\management_ext.dll
Event: 0.813 Thread 0x000001d7d87ab1c0 Thread added: 0x000001d7d87ab1c0
Event: 0.875 Loaded shared library C:\Users\1\.jdks\openjdk-18.0.2\bin\verify.dll
Event: 1.027 Thread 0x000001d7d8831310 Thread added: 0x000001d7d8831310
Event: 1.028 Thread 0x000001d7d8831810 Thread added: 0x000001d7d8831810


Dynamic libraries:
0x00007ff6e7af0000 - 0x00007ff6e7afe000 	C:\Users\1\.jdks\openjdk-18.0.2\bin\java.exe
0x00007ffc76ed0000 - 0x00007ffc770c8000 	C:\WINDOWS\SYSTEM32\ntdll.dll
0x00007ffc75570000 - 0x00007ffc7562f000 	C:\WINDOWS\System32\KERNEL32.DLL
0x00007ffc74a80000 - 0x00007ffc74d76000 	C:\WINDOWS\System32\KERNELBASE.dll
0x00007ffc74660000 - 0x00007ffc74760000 	C:\WINDOWS\System32\ucrtbase.dll
0x00007ffc6c920000 - 0x00007ffc6c93a000 	C:\Users\1\.jdks\openjdk-18.0.2\bin\VCRUNTIME140.dll
0x00007ffc69d00000 - 0x00007ffc69d17000 	C:\Users\1\.jdks\openjdk-18.0.2\bin\jli.dll
0x00007ffc76cf0000 - 0x00007ffc76e8d000 	C:\WINDOWS\System32\USER32.dll
0x00007ffc66e80000 - 0x00007ffc6711a000 	C:\WINDOWS\WinSxS\amd64_microsoft.windows.common-controls_6595b64144ccf1df_6.0.19041.1110_none_60b5254171f9507e\COMCTL32.dll
0x00007ffc749e0000 - 0x00007ffc74a02000 	C:\WINDOWS\System32\win32u.dll
0x00007ffc75020000 - 0x00007ffc750be000 	C:\WINDOWS\System32\msvcrt.dll
0x00007ffc76360000 - 0x00007ffc7638c000 	C:\WINDOWS\System32\GDI32.dll
0x00007ffc748c0000 - 0x00007ffc749d5000 	C:\WINDOWS\System32\gdi32full.dll
0x00007ffc74820000 - 0x00007ffc748bd000 	C:\WINDOWS\System32\msvcp_win.dll
0x00007ffc76200000 - 0x00007ffc76230000 	C:\WINDOWS\System32\IMM32.DLL
0x00007ffc71d20000 - 0x00007ffc71d2c000 	C:\Users\1\.jdks\openjdk-18.0.2\bin\vcruntime140_1.dll
0x00007ffc59ed0000 - 0x00007ffc59f5d000 	C:\Users\1\.jdks\openjdk-18.0.2\bin\msvcp140.dll
0x00007ffc06cf0000 - 0x00007ffc07901000 	C:\Users\1\.jdks\openjdk-18.0.2\bin\server\jvm.dll
0x00007ffc751a0000 - 0x00007ffc7524f000 	C:\WINDOWS\System32\ADVAPI32.dll
0x00007ffc754d0000 - 0x00007ffc7556c000 	C:\WINDOWS\System32\sechost.dll
0x00007ffc76b10000 - 0x00007ffc76c36000 	C:\WINDOWS\System32\RPCRT4.dll
0x00007ffc76390000 - 0x00007ffc76398000 	C:\WINDOWS\System32\PSAPI.DLL
0x00007ffc5af90000 - 0x00007ffc5af99000 	C:\WINDOWS\SYSTEM32\WSOCK32.dll
0x00007ffc6e460000 - 0x00007ffc6e46a000 	C:\WINDOWS\SYSTEM32\VERSION.dll
0x00007ffc76470000 - 0x00007ffc764db000 	C:\WINDOWS\System32\WS2_32.dll
0x00007ffc6aa20000 - 0x00007ffc6aa47000 	C:\WINDOWS\SYSTEM32\WINMM.dll
0x00007ffc72450000 - 0x00007ffc72462000 	C:\WINDOWS\SYSTEM32\kernel.appcore.dll
0x00007ffc70220000 - 0x00007ffc7022a000 	C:\Users\1\.jdks\openjdk-18.0.2\bin\jimage.dll
0x00007ffc69030000 - 0x00007ffc69214000 	C:\WINDOWS\SYSTEM32\DBGHELP.DLL
0x00007ffc66300000 - 0x00007ffc66334000 	C:\WINDOWS\SYSTEM32\dbgcore.DLL
0x00007ffc74790000 - 0x00007ffc74812000 	C:\WINDOWS\System32\bcryptPrimitives.dll
0x00007ffc71d30000 - 0x00007ffc71d3e000 	C:\Users\1\.jdks\openjdk-18.0.2\bin\instrument.dll
0x00007ffc638b0000 - 0x00007ffc638d5000 	C:\Users\1\.jdks\openjdk-18.0.2\bin\java.dll
0x00007ffc51140000 - 0x00007ffc51216000 	C:\Users\1\.jdks\openjdk-18.0.2\bin\jsvml.dll
0x00007ffc75630000 - 0x00007ffc75d74000 	C:\WINDOWS\System32\SHELL32.dll
0x00007ffc72650000 - 0x00007ffc72de3000 	C:\WINDOWS\SYSTEM32\windows.storage.dll
0x00007ffc767b0000 - 0x00007ffc76b04000 	C:\WINDOWS\System32\combase.dll
0x00007ffc73e50000 - 0x00007ffc73e7e000 	C:\WINDOWS\SYSTEM32\Wldp.dll
0x00007ffc76c40000 - 0x00007ffc76ced000 	C:\WINDOWS\System32\SHCORE.dll
0x00007ffc76630000 - 0x00007ffc76685000 	C:\WINDOWS\System32\shlwapi.dll
0x00007ffc744f0000 - 0x00007ffc7450f000 	C:\WINDOWS\SYSTEM32\profapi.dll
0x00007ffc631b0000 - 0x00007ffc631c8000 	C:\Users\1\.jdks\openjdk-18.0.2\bin\zip.dll
0x00007ffc69ce0000 - 0x00007ffc69cf3000 	C:\Users\1\.jdks\openjdk-18.0.2\bin\net.dll
0x00007ffc6d4e0000 - 0x00007ffc6d5ea000 	C:\WINDOWS\SYSTEM32\WINHTTP.dll
0x00007ffc73c30000 - 0x00007ffc73c9a000 	C:\WINDOWS\system32\mswsock.dll
0x00007ffc63220000 - 0x00007ffc63236000 	C:\Users\1\.jdks\openjdk-18.0.2\bin\nio.dll
0x00007ffc639f0000 - 0x00007ffc63a0a000 	D:\IntelliJ IDEA 2022.3.1\bin\breakgen64.dll
0x00007ffc73980000 - 0x00007ffc73a4b000 	C:\WINDOWS\SYSTEM32\DNSAPI.dll
0x00007ffc73940000 - 0x00007ffc7397c000 	C:\WINDOWS\SYSTEM32\IPHLPAPI.DLL
0x00007ffc75d80000 - 0x00007ffc75d88000 	C:\WINDOWS\System32\NSI.dll
0x00007ffc67e50000 - 0x00007ffc67e5a000 	C:\Windows\System32\rasadhlp.dll
0x00007ffc68850000 - 0x00007ffc688d2000 	C:\WINDOWS\System32\fwpuclnt.dll
0x00007ffc74760000 - 0x00007ffc74787000 	C:\WINDOWS\System32\bcrypt.dll
0x00007ffc71ce0000 - 0x00007ffc71ce9000 	C:\Users\1\.jdks\openjdk-18.0.2\bin\management.dll
0x00007ffc71cd0000 - 0x00007ffc71cdb000 	C:\Users\1\.jdks\openjdk-18.0.2\bin\management_ext.dll
0x00007ffc73f00000 - 0x00007ffc73f18000 	C:\WINDOWS\SYSTEM32\CRYPTSP.dll
0x00007ffc73570000 - 0x00007ffc735a4000 	C:\WINDOWS\system32\rsaenh.dll
0x00007ffc744b0000 - 0x00007ffc744de000 	C:\WINDOWS\SYSTEM32\USERENV.dll
0x00007ffc73dc0000 - 0x00007ffc73dcc000 	C:\WINDOWS\SYSTEM32\CRYPTBASE.dll
0x00007ffc6e490000 - 0x00007ffc6e4a7000 	C:\WINDOWS\SYSTEM32\dhcpcsvc6.DLL
0x00007ffc6e470000 - 0x00007ffc6e48d000 	C:\WINDOWS\SYSTEM32\dhcpcsvc.DLL
0x00007ffc565d0000 - 0x00007ffc565e7000 	C:\WINDOWS\system32\napinsp.dll
0x00007ffc565b0000 - 0x00007ffc565cb000 	C:\WINDOWS\system32\pnrpnsp.dll
0x00007ffc56360000 - 0x00007ffc56375000 	C:\WINDOWS\system32\wshbth.dll
0x00007ffc6fdf0000 - 0x00007ffc6fe0d000 	C:\WINDOWS\system32\NLAapi.dll
0x00007ffc562e0000 - 0x00007ffc562f2000 	C:\WINDOWS\System32\winrnr.dll
0x00007ffc69220000 - 0x00007ffc69230000 	C:\Users\1\.jdks\openjdk-18.0.2\bin\verify.dll

dbghelp: loaded successfully - version: 4.0.5 - missing functions: none
symbol engine: initialized successfully - sym options: 0x614 - pdb path: .;C:\Users\1\.jdks\openjdk-18.0.2\bin;C:\WINDOWS\SYSTEM32;C:\WINDOWS\WinSxS\amd64_microsoft.windows.common-controls_6595b64144ccf1df_6.0.19041.1110_none_60b5254171f9507e;C:\Users\1\.jdks\openjdk-18.0.2\bin\server;D:\IntelliJ IDEA 2022.3.1\bin

VM Arguments:
jvm_args: -XX:TieredStopAtLevel=1 -Dspring.output.ansi.enabled=always -Dcom.sun.management.jmxremote -Dspring.jmx.enabled=true -Dspring.liveBeansView.mbeanDomain -Dspring.application.admin.enabled=true -Dmanagement.endpoints.jmx.exposure.include=* -javaagent:D:\IntelliJ IDEA 2022.3.1\lib\idea_rt.jar=56819:D:\IntelliJ IDEA 2022.3.1\bin -Dfile.encoding=UTF-8 -Dsun.stdout.encoding=UTF-8 -Dsun.stderr.encoding=UTF-8 
java_command: com.testing.customer.CustomerApplication
java_class_path (initial): C:\Users\1\microservices-app\customer\target\classes;C:\Users\1\.m2\repository\org\springframework\boot\spring-boot-starter-web\2.7.12\spring-boot-starter-web-2.7.12.jar;C:\Users\1\.m2\repository\org\springframework\boot\spring-boot-starter\2.7.12\spring-boot-starter-2.7.12.jar;C:\Users\1\.m2\repository\org\springframework\boot\spring-boot\2.7.12\spring-boot-2.7.12.jar;C:\Users\1\.m2\repository\org\springframework\boot\spring-boot-autoconfigure\2.7.12\spring-boot-autoconfigure-2.7.12.jar;C:\Users\1\.m2\repository\org\springframework\boot\spring-boot-starter-logging\2.7.12\spring-boot-starter-logging-2.7.12.jar;C:\Users\1\.m2\repository\ch\qos\logback\logback-classic\1.2.12\logback-classic-1.2.12.jar;C:\Users\1\.m2\repository\ch\qos\logback\logback-core\1.2.12\logback-core-1.2.12.jar;C:\Users\1\.m2\repository\org\apache\logging\log4j\log4j-to-slf4j\2.17.2\log4j-to-slf4j-2.17.2.jar;C:\Users\1\.m2\repository\org\apache\logging\log4j\log4j-api\2.17.2\log4j-api-2.17.2.jar;C:\Users\1\.m2\repository\org\slf4j\jul-to-slf4j\1.7.36\jul-to-slf4j-1.7.36.jar;C:\Users\1\.m2\repository\jakarta\annotation\jakarta.annotation-api\1.3.5\jakarta.annotation-api-1.3.5.jar;C:\Users\1\.m2\repository\org\yaml\snakeyaml\1.30\snakeyaml-1.30.jar;C:\Users\1\.m2\repository\org\springframework\boot\spring-boot-starter-json\2.7.12\spring-boot-starter-json-2.7.12.jar;C:\Users\1\.m2\repository\com\fasterxml\jackson\core\jackson-databind\2.13.5\jackson-databind-2.13.5.jar;C:\Users\1\.m2\repository\com\fasterxml\jackson\datatype\jackson-datatype-jdk8\2.13.5\jackson-datatype-jdk8-2.13.5.jar;C:\Users\1\.m2\repository\com\fasterxml\jackson\datatype\jackson-datatype-jsr310\2.13.5\jackson-datatype-jsr310-2.13.5.jar;C:\Users\1\.m2\repository\com\fasterxml\jackson\module\jackson-module-parameter-names\2.13.5\jackson-module-parameter-names-2.13.5.jar;C:\Users\1\.m2\repository\org\springframework\boot\spring-boot-starter-tomcat\2.7.12\spring-boot-starter-tomcat-2.7.12.jar;C:\Users\1\.m2\repository\org\apache\tomcat\embed\tomcat-embed-core\9.0.75\tomcat-embed-core-9.0.75.jar;C:\Users\1\.m2\repository\org\apache\tomcat\embed\tomcat-embed-el\9.0.75\tomcat-embed-el-9.0.75.jar;C:\Users\1\.m2\repository\org\apache\tomcat\embed\tomcat-embed-websocket\9.0.75\tomcat-embed-websocket-9.0.75.jar;C:\Users\1\.m2\repository\org\springframework\spring-web\5.3.27\spring-web-5.3.27.jar;C:\Users\1\.m2\repository\org\springframework\spring-beans\5.3.27\spring-beans-5.3.27.jar;C:\Users\1\.m2\repository\org\springframework\spring-webmvc\5.3.27\spring-webmvc-5.3.27.jar;C:\Users\1\.m2\repository\org\springframework\spring-aop\5.3.27\spring-aop-5.3.27.jar;C:\Users\1\.m2\repository\org\springframework\spring-context\5.3.27\spring-context-5.3.27.jar;C:\Users\1\.m2\repository\org\springframework\spring-expression\5.3.27\spring-expression-5.3.27.jar;C:\Users\1\.m2\repository\org\springframework\boot\spring-boot-starter-data-jpa\2.7.12\spring-boot-starter-data-jpa-2.7.12.jar;C:\Users\1\.m2\repository\org\springframework\boot\spring-boot-starter-aop\2.7.12\spring-boot-starter-aop-2.7.12.jar;C:\Users\1\.m2\repository\org\aspectj\aspectjweaver\1.9.7\aspectjweaver-1.9.7.jar;C:\Users\1\.m2\repository\org\springframework\boot\spring-boot-starter-jdbc\2.7.12\spring-boot-starter-jdbc-2.7.12.jar;C:\Users\1\.m2\repository\com\zaxxer\HikariCP\4.0.3\HikariCP-4.0.3.jar;C:\Users\1\.m2\repository\org\springframework\spring-jdbc\5.3.27\spring-jdbc-5.3.27.jar;C:\Users\1\.m2\repository\jakarta\transaction\jakarta.transaction-api\1.3.3\jakarta.transaction-api-1.3.3.jar;C:\Users\1\.m2\repository\jakarta\persistence\jakarta.persistence-api\2.2.3\jakarta.persistence-api-2.2.3.jar;C:\Users\1\.m2\repository\org\hibernate\hibernate-core\5.6.15.Final\hibernate-core-5.6.15.Final.jar;C:\Users\1\.m2\repository\org\jboss\logging\jboss-logging\3.4.3.Final\jboss-logging-3.4.3.Final.jar;C:\Users\1\.m2\repository\net\bytebuddy\byte-buddy\1.12.23\byte-buddy-1.12.23.jar;C:\Users\1\.m2\repository\antlr\antlr\2.7.7\antlr-2.7.7.jar;C:\Users\1\.m2\repository\org\jboss\jandex\2.4.2.Final\jandex-2.4.2.Final.jar;C:\Users\1\.m2\repository\com\fasterxml\classmate\1.5.1\classmate-1.5.1.jar;C:\Users\1\.m2\repository\org\hibernate\common\hibernate-commons-annotations\5.1.2.Final\hibernate-commons-annotations-5.1.2.Final.jar;C:\Users\1\.m2\repository\org\glassfish\jaxb\jaxb-runtime\2.3.8\jaxb-runtime-2.3.8.jar;C:\Users\1\.m2\repository\org\glassfish\jaxb\txw2\2.3.8\txw2-2.3.8.jar;C:\Users\1\.m2\repository\com\sun\istack\istack-commons-runtime\3.0.12\istack-commons-runtime-3.0.12.jar;C:\Users\1\.m2\repository\com\sun\activation\jakarta.activation\1.2.2\jakarta.activation-1.2.2.jar;C:\Users\1\.m2\repository\org\springframework\data\spring-data-jpa\2.7.12\spring-data-jpa-2.7.12.jar;C:\Users\1\.m2\repository\org\springframework\data\spring-data-commons\2.7.12\spring-data-commons-2.7.12.jar;C:\Users\1\.m2\repository\org\springframework\spring-orm\5.3.27\spring-orm-5.3.27.jar;C:\Users\1\.m2\repository\org\springframework\spring-tx\5.3.27\spring-tx-5.3.27.jar;C:\Users\1\.m2\repository\org\slf4j\slf4j-api\1.7.36\slf4j-api-1.7.36.jar;C:\Users\1\.m2\repository\org\springframework\spring-aspects\5.3.27\spring-aspects-5.3.27.jar;C:\Users\1\.m2\repository\org\postgresql\postgresql\42.3.8\postgresql-42.3.8.jar;C:\Users\1\.m2\repository\org\checkerframework\checker-qual\3.5.0\checker-qual-3.5.0.jar;C:\Users\1\.m2\repository\org\springframework\cloud\spring-cloud-starter-netflix-eureka-client\3.1.3\spring-cloud-starter-netflix-eureka-client-3.1.3.jar;C:\Users\1\.m2\repository\org\springframework\cloud\spring-cloud-starter\3.1.3\spring-cloud-starter-3.1.3.jar;C:\Users\1\.m2\repository\org\springframework\cloud\spring-cloud-context\3.1.3\spring-cloud-context-3.1.3.jar;C:\Users\1\.m2\repository\org\springframework\security\spring-security-crypto\5.7.8\spring-security-crypto-5.7.8.jar;C:\Users\1\.m2\repository\org\springframework\cloud\spring-cloud-commons\3.1.3\spring-cloud-commons-3.1.3.jar;C:\Users\1\.m2\repository\org\springframework\security\spring-security-rsa\1.0.10.RELEASE\spring-security-rsa-1.0.10.RELEASE.jar;C:\Users\1\.m2\repository\org\bouncycastle\bcpkix-jdk15on\1.68\bcpkix-jdk15on-1.68.jar;C:\Users\1\.m2\repository\org\bouncycastle\bcprov-jdk15on\1.68\bcprov-jdk15on-1.68.jar;C:\Users\1\.m2\repository\org\springframework\cloud\spring-cloud-netflix-eureka-client\3.1.3\spring-cloud-netflix-eureka-client-3.1.3.jar;C:\Users\1\.m2\repository\com\netflix\eureka\eureka-client\1.10.17\eureka-client-1.10.17.jar;C:\Users\1\.m2\repository\com\netflix\netflix-commons\netflix-eventbus\0.3.0\netflix-eventbus-0.3.0.jar;C:\Users\1\.m2\repository\com\netflix\netflix-commons\netflix-infix\0.3.0\netflix-infix-0.3.0.jar;C:\Users\1\.m2\repository\commons-jxpath\commons-jxpath\1.3\commons-jxpath-1.3.jar;C:\Users\1\.m2\repository\joda-time\joda-time\2.3\joda-time-2.3.jar;C:\Users\1\.m2\repository\org\antlr\antlr-runtime\3.4\antlr-runtime-3.4.jar;C:\Users\1\.m2\repository\org\antlr\stringtemplate\3.2.1\stringtemplate-3.2.1.jar;C:\Users\1\.m2\repository\com\google\code\gson\gson\2.9.1\gson-2.9.1.jar;C:\Users\1\.m2\repository\org\apache\commons\commons-math\2.2\commons-math-2.2.jar;C:\Users\1\.m2\repository\com\thoughtworks\xstream\xstream\1.4.18\xstream-1.4.18.jar;C:\Users\1\.m2\repository\io\github\x-stream\mxparser\1.2.2\mxparser-1.2.2.jar;C:\Users\1\.m2\repository\xmlpull\xmlpull\1.1.3.1\xmlpull-1.1.3.1.jar;C:\Users\1\.m2\repository\javax\ws\rs\jsr311-api\1.1.1\jsr311-api-1.1.1.jar;C:\Users\1\.m2\repository\com\netflix\servo\servo-core\0.12.21\servo-core-0.12.21.jar;C:\Users\1\.m2\repository\com\google\guava\guava\19.0\guava-19.0.jar;C:\Users\1\.m2\repository\org\apache\httpcomponents\httpclient\4.5.14\httpclient-4.5.14.jar;C:\Users\1\.m2\repository\org\apache\httpcomponents\httpcore\4.4.16\httpcore-4.4.16.jar;C:\Users\1\.m2\repository\commons-codec\commons-codec\1.15\commons-codec-1.15.jar;C:\Users\1\.m2\repository\commons-configuration\commons-configuration\1.10\commons-configuration-1.10.jar;C:\Users\1\.m2\repository\commons-lang\commons-lang\2.6\commons-lang-2.6.jar;C:\Users\1\.m2\repository\com\google\inject\guice\4.1.0\guice-4.1.0.jar;C:\Users\1\.m2\repository\javax\inject\javax.inject\1\javax.inject-1.jar;C:\Users\1\.m2\repository\com\fasterxml\jackson\core\jackson-annotations\2.13.5\jackson-annotations-2.13.5.jar;C:\Users\1\.m2\repository\com\fasterxml\jackson\core\jackson-core\2.13.5\jackson-core-2.13.5.jar;C:\Users\1\.m2\repository\org\codehaus\jettison\jettison\1.4.0\jettison-1.4.0.jar;C:\Users\1\.m2\repository\com\netflix\eureka\eureka-core\1.10.17\eureka-core-1.10.17.jar;C:\Users\1\.m2\repository\com\fasterxml\woodstox\woodstox-core\6.2.1\woodstox-core-6.2.1.jar;C:\Users\1\.m2\repository\org\codehaus\woodstox\stax2-api\4.2.1\stax2-api-4.2.1.jar;C:\Users\1\.m2\repository\org\springframework\cloud\spring-cloud-starter-loadbalancer\3.1.3\spring-cloud-starter-loadbalancer-3.1.3.jar;C:\Users\1\.m2\repository\org\springframework\cloud\spring-cloud-loadbalancer\3.1.3\spring-cloud-loadbalancer-3.1.3.jar;C:\Users\1\.m2\repository\io\projectreactor\reactor-core\3.4.29\reactor-core-3.4.29.jar;C:\Users\1\.m2\repository\org\reactivestreams\reactive-streams\1.0.4\reactive-streams-1.0.4.jar;C:\Users\1\.m2\repository\io\projectreactor\addons\reactor-extra\3.4.10\reactor-extra-3.4.10.jar;C:\Users\1\.m2\repository\org\springframework\boot\spring-boot-starter-cache\2.7.12\spring-boot-starter-cache-2.7.12.jar;C:\Users\1\.m2\repository\org\springframework\spring-context-support\5.3.27\spring-context-support-5.3.27.jar;C:\Users\1\.m2\repository\com\stoyanr\evictor\1.0.0\evictor-1.0.0.jar;C:\Users\1\.m2\repository\org\projectlombok\lombok\1.18.28\lombok-1.18.28.jar;C:\Users\1\.m2\repository\org\springframework\boot\spring-boot-starter-test\2.7.12\spring-boot-starter-test-2.7.12.jar;C:\Users\1\.m2\repository\org\springframework\boot\spring-boot-test\2.7.12\spring-boot-test-2.7.12.jar;C:\Users\1\.m2\repository\org\springframework\boot\spring-boot-test-autoconfigure\2.7.12\spring-boot-test-autoconfigure-2.7.12.jar;C:\Users\1\.m2\repository\com\jayway\jsonpath\json-path\2.7.0\json-path-2.7.0.jar;C:\Users\1\.m2\repository\net\minidev\json-smart\2.4.11\json-smart-2.4.11.jar;C:\Users\1\.m2\repository\net\minidev\accessors-smart\2.4.11\accessors-smart-2.4.11.jar;C:\Users\1\.m2\repository\org\ow2\asm\asm\9.3\asm-9.3.jar;C:\Users\1\.m2\repository\jakarta\xml\bind\jakarta.xml.bind-api\2.3.3\jakarta.xml.bind-api-2.3.3.jar;C:\Users\1\.m2\repository\jakarta\activation\jakarta.activation-api\1.2.2\jakarta.activation-api-1.2.2.jar;C:\Users\1\.m2\repository\org\assertj\assertj-core\3.22.0\assertj-core-3.22.0.jar;C:\Users\1\.m2\repository\org\hamcrest\hamcrest\2.2\hamcrest-2.2.jar;C:\Users\1\.m2\repository\org\junit\jupiter\junit-jupiter\5.8.2\junit-jupiter-5.8.2.jar;C:\Users\1\.m2\repository\org\junit\jupiter\junit-jupiter-api\5.8.2\junit-jupiter-api-5.8.2.jar;C:\Users\1\.m2\repository\org\opentest4j\opentest4j\1.2.0\opentest4j-1.2.0.jar;C:\Users\1\.m2\repository\org\junit\platform\junit-platform-commons\1.8.2\junit-platform-commons-1.8.2.jar;C:\Users\1\.m2\repository\org\apiguardian\apiguardian-api\1.1.2\apiguardian-api-1.1.2.jar;C:\Users\1\.m2\repository\org\junit\jupiter\junit-jupiter-params\5.8.2\junit-jupiter-params-5.8.2.jar;C:\Users\1\.m2\repository\org\junit\jupiter\junit-jupiter-engine\5.8.2\junit-jupiter-engine-5.8.2.jar;C:\Users\1\.m2\repository\org\junit\platform\junit-platform-engine\1.8.2\junit-platform-engine-1.8.2.jar;C:\Users\1\.m2\repository\org\mockito\mockito-core\4.5.1\mockito-core-4.5.1.jar;C:\Users\1\.m2\repository\net\bytebuddy\byte-buddy-agent\1.12.23\byte-buddy-agent-1.12.23.jar;C:\Users\1\.m2\repository\org\objenesis\objenesis\3.2\objenesis-3.2.jar;C:\Users\1\.m2\repository\org\mockito\mockito-junit-jupiter\4.5.1\mockito-junit-jupiter-4.5.1.jar;C:\Users\1\.m2\repository\org\skyscreamer\jsonassert\1.5.1\jsonassert-1.5.1.jar;C:\Users\1\.m2\repository\com\vaadin\external\google\android-json\0.0.20131108.vaadin1\android-json-0.0.20131108.vaadin1.jar;C:\Users\1\.m2\repository\org\springframework\spring-core\5.3.27\spring-core-5.3.27.jar;C:\Users\1\.m2\repository\org\springframework\spring-jcl\5.3.27\spring-jcl-5.3.27.jar;C:\Users\1\.m2\repository\org\springframework\spring-test\5.3.27\spring-test-5.3.27.jar;C:\Users\1\.m2\repository\org\xmlunit\xmlunit-core\2.9.1\xmlunit-core-2.9.1.jar
Launcher Type: SUN_STANDARD

[Global flags]
     intx CICompilerCount                          = 4                                         {product} {ergonomic}
     uint ConcGCThreads                            = 2                                         {product} {ergonomic}
     uint G1ConcRefinementThreads                  = 8                                         {product} {ergonomic}
   size_t G1HeapRegionSize                         = 2097152                                   {product} {ergonomic}
    uintx GCDrainStackTargetSize                   = 64                                        {product} {ergonomic}
   size_t InitialHeapSize                          = 268435456                                 {product} {ergonomic}
     bool ManagementServer                         = true                                      {product} {command line}
   size_t MarkStackSize                            = 4194304                                   {product} {ergonomic}
   size_t MaxHeapSize                              = 4282384384                                {product} {ergonomic}
   size_t MaxNewSize                               = 2569011200                                {product} {ergonomic}
   size_t MinHeapDeltaBytes                        = 2097152                                   {product} {ergonomic}
   size_t MinHeapSize                              = 8388608                                   {product} {ergonomic}
    uintx NonProfiledCodeHeapSize                  = 0                                      {pd product} {ergonomic}
     bool ProfileInterpreter                       = false                                  {pd product} {command line}
    uintx ProfiledCodeHeapSize                     = 0                                      {pd product} {ergonomic}
   size_t SoftMaxHeapSize                          = 4282384384                             {manageable} {ergonomic}
     intx TieredStopAtLevel                        = 1                                         {product} {command line}
     bool UseCompressedClassPointers               = true                           {product lp64_product} {ergonomic}
     bool UseCompressedOops                        = true                           {product lp64_product} {ergonomic}
     bool UseG1GC                                  = true                                      {product} {ergonomic}
     bool UseLargePagesIndividualAllocation        = false                                  {pd product} {ergonomic}

Logging:
Log output configuration:
 #0: stdout all=warning uptime,level,tags foldmultilines=false
 #1: stderr all=off uptime,level,tags foldmultilines=false

Environment Variables:
JAVA_HOME=C:\Program Files\Java\jdk-18.0.1.1
PATH=C:\Program Files\Common Files\Oracle\Java\javapath;C:\Windows\system32;C:\Windows;C:\Windows\System32\Wbem;C:\Windows\System32\WindowsPowerShell\v1.0\;C:\WINDOWS\system32;C:\WINDOWS;C:\WINDOWS\System32\Wbem;C:\WINDOWS\System32\WindowsPowerShell\v1.0\;C:\WINDOWS\System32\OpenSSH\;C:\Program Files\NVIDIA Corporation\NVIDIA NvDLISR;C:\Program Files (x86)\NVIDIA Corporation\PhysX\Common;C:\ProgramData\chocolatey\bin;C:\Program Files\nodejs\;C:\Program Files\Git\cmd;C:\WINDOWS\system32;C:\WINDOWS;C:\WINDOWS\System32\Wbem;C:\WINDOWS\System32\WindowsPowerShell\v1.0\;C:\WINDOWS\System32\OpenSSH\;C:\Program Files\PostgreSQL\15\bin;C:\ZooKeeper\apache-zookeeper-3.7.1-bin\bin;C:\Program Files\Docker\Docker\resources\bin;C:\Users\1\.jpm\windows\bin;D:\Process Lasso\;C:\Program Files\MySQL\MySQL Shell 8.0\bin\;C:\Users\1\AppData\Local\Microsoft\WindowsApps;C:\Users\1\AppData\Local\Programs\Microsoft VS Code\bin;C:\Users\1\AppData\Roaming\npm;C:\Program Files\Maven\apache-maven-3.9.0\bin
USERNAME=Hog
OS=Windows_NT
PROCESSOR_IDENTIFIER=Intel64 Family 6 Model 42 Stepping 7, GenuineIntel



---------------  S Y S T E M  ---------------

OS:
 Windows 10 , 64 bit Build 19041 (10.0.19041.2913)
OS uptime: 1 days 13:43 hours
Hyper-V role detected

CPU: total 8 (initial active 8) (4 cores per cpu, 2 threads per core) family 6 model 42 stepping 7 microcode 0x2f, cx8, cmov, fxsr, ht, mmx, sse, sse2, sse3, ssse3, sse4.1, sse4.2, popcnt, tsc, tscinvbit, avx, aes, clmul, vzeroupper, clflush, hv

Memory: 4k page, system-wide physical 16329M (2317M free)
TotalPageFile size 30498M (AvailPageFile size 2M)
current process WorkingSet (physical memory assigned to process): 79M, peak: 79M
current process commit charge ("private bytes"): 356M, peak: 356M

vm_info: OpenJDK 64-Bit Server VM (18.0.2+9-61) for windows-amd64 JRE (18.0.2+9-61), built on Jun  7 2022 13:05:59 by "mach5one" with MS VC++ 16.8 / 16.9 (VS2019)

END.
